POST DATA:
Array
(
    [title] => xs
    [description] => cd
    [start_time] => 2024-12-12T01:01
    [end_time] => 2024-12-12T02:02
)
FILES DATA:
Array
(
    [image] => Array
        (
            [name] => 
            [type] => 
            [tmp_name] => 
            [error] => 4
            [size] => 0
        )

)
POST DATA:
Array
(
    [title] => xs
    [description] => cd
    [start_time] => 2024-12-12T01:01
    [end_time] => 2024-12-12T02:02
)
FILES DATA:
Array
(
    [image] => Array
        (
            [name] => 
            [type] => 
            [tmp_name] => 
            [error] => 4
            [size] => 0
        )

)
POST DATA:
Array
(
    [title] => xs
    [description] => cd
    [start_time] => 2024-12-12T01:01
    [end_time] => 2024-12-12T02:02
)
FILES DATA:
Array
(
    [image] => Array
        (
            [name] => 
            [type] => 
            [tmp_name] => 
            [error] => 4
            [size] => 0
        )

)
POST DATA:
Array
(
)
FILES DATA:
Array
(
)
POST DATA:
Array
(
)
FILES DATA:
Array
(
)
